============================================================
  Generated by:           Genus(TM) Synthesis Solution 16.13-s036_1
  Generated on:           Feb 20 2023  12:19:46 am
  Module:                 extend
  Technology library:     slow_vdd1v0 1.0
  Operating conditions:   PVT_0P9V_125C (balanced_tree)
  Wireload mode:          enclosed
  Area mode:              timing library
============================================================

path   1:

          Pin                      Type        Fanout Load Slew Delay Arrival   Location    
                                                      (fF) (ps)  (ps)   (ps)       (x,   y) 
--------------------------------------------------------------------------------------------
(clock func_clk)               launch                                       0 R             
(extend.sdc_line_29)           ext delay                         +400     400 F             
immsrc[2]                 (u)  in port             32  7.2    0   +30     430 F             
g78/in_1                                                           +0     430               
g78/z                     (u)  unmapped_or2         2  2.4    0   +68     498 F             
g79/in_0                                                           +0     498               
g79/z                     (u)  unmapped_not         1  1.2    0   +22     520 R             
g80/data0                                                          +0     520               
g80/z                     (u)  unmapped_bmux3       1  1.2    0  +131     652 R             
g81/in_0                                                           +0     652               
g81/z                     (u)  unmapped_not         1  1.2    0   +22     674 F             
g84/data0                                                          +0     674               
g84/z                     (u)  unmapped_bmux3       1  1.2    0  +131     805 F             
g85/in_0                                                           +0     805               
g85/z                     (u)  unmapped_not         1  0.0    0   +20     825 R             
immext[1]                      out port                            +0     825 R             
(extend.sdc_line_32_32_1)      ext delay                         +600    1425 R             
- - - - - - - - - - - - - - - - - - - - - - - - - - - - - - - - - - - - - - - - - - - - - - 
(clock func_clk)               capture                                  10000 R             
--------------------------------------------------------------------------------------------
Cost Group   : 'func_clk' (path_group 'func_clk')
Timing slack :    8575ps 
Start-point  : immsrc[2]
End-point    : immext[1]

(u) : Net has unmapped pin(s).

path   2:

          Pin                      Type        Fanout Load Slew Delay Arrival   Location    
                                                      (fF) (ps)  (ps)   (ps)       (x,   y) 
--------------------------------------------------------------------------------------------
(clock func_clk)               launch                                       0 R             
(extend.sdc_line_29)           ext delay                         +400     400 F             
immsrc[2]                 (u)  in port             32  7.2    0   +30     430 F             
g69/in_1                                                           +0     430               
g69/z                     (u)  unmapped_or2         2  2.4    0   +68     498 F             
g70/in_0                                                           +0     498               
g70/z                     (u)  unmapped_not         1  1.2    0   +22     520 R             
g71/data0                                                          +0     520               
g71/z                     (u)  unmapped_bmux3       1  1.2    0  +131     652 R             
g72/in_0                                                           +0     652               
g72/z                     (u)  unmapped_not         1  1.2    0   +22     674 F             
g75/data0                                                          +0     674               
g75/z                     (u)  unmapped_bmux3       1  1.2    0  +131     805 F             
g76/in_0                                                           +0     805               
g76/z                     (u)  unmapped_not         1  0.0    0   +20     825 R             
immext[2]                      out port                            +0     825 R             
(extend.sdc_line_32_31_1)      ext delay                         +600    1425 R             
- - - - - - - - - - - - - - - - - - - - - - - - - - - - - - - - - - - - - - - - - - - - - - 
(clock func_clk)               capture                                  10000 R             
--------------------------------------------------------------------------------------------
Cost Group   : 'func_clk' (path_group 'func_clk')
Timing slack :    8575ps 
Start-point  : immsrc[2]
End-point    : immext[2]

(u) : Net has unmapped pin(s).

path   3:

          Pin                      Type        Fanout Load Slew Delay Arrival   Location    
                                                      (fF) (ps)  (ps)   (ps)       (x,   y) 
--------------------------------------------------------------------------------------------
(clock func_clk)               launch                                       0 R             
(extend.sdc_line_29)           ext delay                         +400     400 F             
immsrc[2]                 (u)  in port             32  7.2    0   +30     430 F             
g60/in_1                                                           +0     430               
g60/z                     (u)  unmapped_or2         2  2.4    0   +68     498 F             
g61/in_0                                                           +0     498               
g61/z                     (u)  unmapped_not         1  1.2    0   +22     520 R             
g62/data0                                                          +0     520               
g62/z                     (u)  unmapped_bmux3       1  1.2    0  +131     652 R             
g63/in_0                                                           +0     652               
g63/z                     (u)  unmapped_not         1  1.2    0   +22     674 F             
g66/data0                                                          +0     674               
g66/z                     (u)  unmapped_bmux3       1  1.2    0  +131     805 F             
g67/in_0                                                           +0     805               
g67/z                     (u)  unmapped_not         1  0.0    0   +20     825 R             
immext[3]                      out port                            +0     825 R             
(extend.sdc_line_32_30_1)      ext delay                         +600    1425 R             
- - - - - - - - - - - - - - - - - - - - - - - - - - - - - - - - - - - - - - - - - - - - - - 
(clock func_clk)               capture                                  10000 R             
--------------------------------------------------------------------------------------------
Cost Group   : 'func_clk' (path_group 'func_clk')
Timing slack :    8575ps 
Start-point  : immsrc[2]
End-point    : immext[3]

(u) : Net has unmapped pin(s).

path   4:

          Pin                      Type        Fanout Load Slew Delay Arrival   Location    
                                                      (fF) (ps)  (ps)   (ps)       (x,   y) 
--------------------------------------------------------------------------------------------
(clock func_clk)               launch                                       0 R             
(extend.sdc_line_29)           ext delay                         +400     400 F             
immsrc[2]                 (u)  in port             32  7.2    0   +30     430 F             
g51/in_1                                                           +0     430               
g51/z                     (u)  unmapped_or2         2  2.4    0   +68     498 F             
g52/in_0                                                           +0     498               
g52/z                     (u)  unmapped_not         1  1.2    0   +22     520 R             
g53/data0                                                          +0     520               
g53/z                     (u)  unmapped_bmux3       1  1.2    0  +131     652 R             
g54/in_0                                                           +0     652               
g54/z                     (u)  unmapped_not         1  1.2    0   +22     674 F             
g57/data0                                                          +0     674               
g57/z                     (u)  unmapped_bmux3       1  1.2    0  +131     805 F             
g58/in_0                                                           +0     805               
g58/z                     (u)  unmapped_not         1  0.0    0   +20     825 R             
immext[4]                      out port                            +0     825 R             
(extend.sdc_line_32_29_1)      ext delay                         +600    1425 R             
- - - - - - - - - - - - - - - - - - - - - - - - - - - - - - - - - - - - - - - - - - - - - - 
(clock func_clk)               capture                                  10000 R             
--------------------------------------------------------------------------------------------
Cost Group   : 'func_clk' (path_group 'func_clk')
Timing slack :    8575ps 
Start-point  : immsrc[2]
End-point    : immext[4]

(u) : Net has unmapped pin(s).

path   5:

          Pin                      Type        Fanout Load Slew Delay Arrival   Location    
                                                      (fF) (ps)  (ps)   (ps)       (x,   y) 
--------------------------------------------------------------------------------------------
(clock func_clk)               launch                                       0 R             
(extend.sdc_line_29)           ext delay                         +400     400 F             
immsrc[2]                 (u)  in port             32  7.2    0   +30     430 F             
g142/in_0                                                          +0     430               
g142/z                    (u)  unmapped_not         1  1.2    0   +22     452 R             
g143/in_0                                                          +0     452               
g143/z                    (u)  unmapped_and2       19 22.8    0  +135     588 R             
g161/in_1                                                          +0     588               
g161/z                    (u)  unmapped_or2         1  1.2    0   +58     645 R             
g49/data1                                                          +0     645               
g49/z                     (u)  unmapped_bmux3       1  0.0    0  +129     774 R             
immext[12]                     out port                            +0     774 R             
(extend.sdc_line_32_21_1)      ext delay                         +600    1374 R             
- - - - - - - - - - - - - - - - - - - - - - - - - - - - - - - - - - - - - - - - - - - - - - 
(clock func_clk)               capture                                  10000 R             
--------------------------------------------------------------------------------------------
Cost Group   : 'func_clk' (path_group 'func_clk')
Timing slack :    8626ps 
Start-point  : immsrc[2]
End-point    : immext[12]

(u) : Net has unmapped pin(s).

path   6:

          Pin                      Type        Fanout Load Slew Delay Arrival   Location    
                                                      (fF) (ps)  (ps)   (ps)       (x,   y) 
--------------------------------------------------------------------------------------------
(clock func_clk)               launch                                       0 R             
(extend.sdc_line_29)           ext delay                         +400     400 F             
immsrc[2]                 (u)  in port             32  7.2    0   +30     430 F             
g142/in_0                                                          +0     430               
g142/z                    (u)  unmapped_not         1  1.2    0   +22     452 R             
g143/in_0                                                          +0     452               
g143/z                    (u)  unmapped_and2       19 22.8    0  +135     588 R             
g157/in_1                                                          +0     588               
g157/z                    (u)  unmapped_or2         1  1.2    0   +58     645 R             
g46/data1                                                          +0     645               
g46/z                     (u)  unmapped_bmux3       1  0.0    0  +129     774 R             
immext[13]                     out port                            +0     774 R             
(extend.sdc_line_32_20_1)      ext delay                         +600    1374 R             
- - - - - - - - - - - - - - - - - - - - - - - - - - - - - - - - - - - - - - - - - - - - - - 
(clock func_clk)               capture                                  10000 R             
--------------------------------------------------------------------------------------------
Cost Group   : 'func_clk' (path_group 'func_clk')
Timing slack :    8626ps 
Start-point  : immsrc[2]
End-point    : immext[13]

(u) : Net has unmapped pin(s).

path   7:

          Pin                      Type        Fanout Load Slew Delay Arrival   Location    
                                                      (fF) (ps)  (ps)   (ps)       (x,   y) 
--------------------------------------------------------------------------------------------
(clock func_clk)               launch                                       0 R             
(extend.sdc_line_29)           ext delay                         +400     400 F             
immsrc[2]                 (u)  in port             32  7.2    0   +30     430 F             
g142/in_0                                                          +0     430               
g142/z                    (u)  unmapped_not         1  1.2    0   +22     452 R             
g143/in_0                                                          +0     452               
g143/z                    (u)  unmapped_and2       19 22.8    0  +135     588 R             
g154/in_1                                                          +0     588               
g154/z                    (u)  unmapped_or2         1  1.2    0   +58     645 R             
g43/data1                                                          +0     645               
g43/z                     (u)  unmapped_bmux3       1  0.0    0  +129     774 R             
immext[14]                     out port                            +0     774 R             
(extend.sdc_line_32_19_1)      ext delay                         +600    1374 R             
- - - - - - - - - - - - - - - - - - - - - - - - - - - - - - - - - - - - - - - - - - - - - - 
(clock func_clk)               capture                                  10000 R             
--------------------------------------------------------------------------------------------
Cost Group   : 'func_clk' (path_group 'func_clk')
Timing slack :    8626ps 
Start-point  : immsrc[2]
End-point    : immext[14]

(u) : Net has unmapped pin(s).

path   8:

          Pin                      Type        Fanout Load Slew Delay Arrival   Location    
                                                      (fF) (ps)  (ps)   (ps)       (x,   y) 
--------------------------------------------------------------------------------------------
(clock func_clk)               launch                                       0 R             
(extend.sdc_line_29)           ext delay                         +400     400 F             
immsrc[2]                 (u)  in port             32  7.2    0   +30     430 F             
g142/in_0                                                          +0     430               
g142/z                    (u)  unmapped_not         1  1.2    0   +22     452 R             
g143/in_0                                                          +0     452               
g143/z                    (u)  unmapped_and2       19 22.8    0  +135     588 R             
g152/in_1                                                          +0     588               
g152/z                    (u)  unmapped_or2         1  1.2    0   +58     645 R             
g40/data1                                                          +0     645               
g40/z                     (u)  unmapped_bmux3       1  0.0    0  +129     774 R             
immext[15]                     out port                            +0     774 R             
(extend.sdc_line_32_18_1)      ext delay                         +600    1374 R             
- - - - - - - - - - - - - - - - - - - - - - - - - - - - - - - - - - - - - - - - - - - - - - 
(clock func_clk)               capture                                  10000 R             
--------------------------------------------------------------------------------------------
Cost Group   : 'func_clk' (path_group 'func_clk')
Timing slack :    8626ps 
Start-point  : immsrc[2]
End-point    : immext[15]

(u) : Net has unmapped pin(s).

path   9:

          Pin                      Type        Fanout Load Slew Delay Arrival   Location    
                                                      (fF) (ps)  (ps)   (ps)       (x,   y) 
--------------------------------------------------------------------------------------------
(clock func_clk)               launch                                       0 R             
(extend.sdc_line_29)           ext delay                         +400     400 F             
immsrc[2]                 (u)  in port             32  7.2    0   +30     430 F             
g142/in_0                                                          +0     430               
g142/z                    (u)  unmapped_not         1  1.2    0   +22     452 R             
g143/in_0                                                          +0     452               
g143/z                    (u)  unmapped_and2       19 22.8    0  +135     588 R             
g150/in_1                                                          +0     588               
g150/z                    (u)  unmapped_or2         1  1.2    0   +58     645 R             
g37/data1                                                          +0     645               
g37/z                     (u)  unmapped_bmux3       1  0.0    0  +129     774 R             
immext[16]                     out port                            +0     774 R             
(extend.sdc_line_32_17_1)      ext delay                         +600    1374 R             
- - - - - - - - - - - - - - - - - - - - - - - - - - - - - - - - - - - - - - - - - - - - - - 
(clock func_clk)               capture                                  10000 R             
--------------------------------------------------------------------------------------------
Cost Group   : 'func_clk' (path_group 'func_clk')
Timing slack :    8626ps 
Start-point  : immsrc[2]
End-point    : immext[16]

(u) : Net has unmapped pin(s).

path  10:

          Pin                      Type        Fanout Load Slew Delay Arrival   Location    
                                                      (fF) (ps)  (ps)   (ps)       (x,   y) 
--------------------------------------------------------------------------------------------
(clock func_clk)               launch                                       0 R             
(extend.sdc_line_29)           ext delay                         +400     400 F             
immsrc[2]                 (u)  in port             32  7.2    0   +30     430 F             
g142/in_0                                                          +0     430               
g142/z                    (u)  unmapped_not         1  1.2    0   +22     452 R             
g143/in_0                                                          +0     452               
g143/z                    (u)  unmapped_and2       19 22.8    0  +135     588 R             
g148/in_1                                                          +0     588               
g148/z                    (u)  unmapped_or2         1  1.2    0   +58     645 R             
g34/data1                                                          +0     645               
g34/z                     (u)  unmapped_bmux3       1  0.0    0  +129     774 R             
immext[17]                     out port                            +0     774 R             
(extend.sdc_line_32_16_1)      ext delay                         +600    1374 R             
- - - - - - - - - - - - - - - - - - - - - - - - - - - - - - - - - - - - - - - - - - - - - - 
(clock func_clk)               capture                                  10000 R             
--------------------------------------------------------------------------------------------
Cost Group   : 'func_clk' (path_group 'func_clk')
Timing slack :    8626ps 
Start-point  : immsrc[2]
End-point    : immext[17]

(u) : Net has unmapped pin(s).

path  11:

          Pin                      Type        Fanout Load Slew Delay Arrival   Location    
                                                      (fF) (ps)  (ps)   (ps)       (x,   y) 
--------------------------------------------------------------------------------------------
(clock func_clk)               launch                                       0 R             
(extend.sdc_line_29)           ext delay                         +400     400 F             
immsrc[2]                 (u)  in port             32  7.2    0   +30     430 F             
g142/in_0                                                          +0     430               
g142/z                    (u)  unmapped_not         1  1.2    0   +22     452 R             
g143/in_0                                                          +0     452               
g143/z                    (u)  unmapped_and2       19 22.8    0  +135     588 R             
g146/in_1                                                          +0     588               
g146/z                    (u)  unmapped_or2         1  1.2    0   +58     645 R             
g31/data1                                                          +0     645               
g31/z                     (u)  unmapped_bmux3       1  0.0    0  +129     774 R             
immext[18]                     out port                            +0     774 R             
(extend.sdc_line_32_15_1)      ext delay                         +600    1374 R             
- - - - - - - - - - - - - - - - - - - - - - - - - - - - - - - - - - - - - - - - - - - - - - 
(clock func_clk)               capture                                  10000 R             
--------------------------------------------------------------------------------------------
Cost Group   : 'func_clk' (path_group 'func_clk')
Timing slack :    8626ps 
Start-point  : immsrc[2]
End-point    : immext[18]

(u) : Net has unmapped pin(s).

path  12:

          Pin                      Type        Fanout Load Slew Delay Arrival   Location    
                                                      (fF) (ps)  (ps)   (ps)       (x,   y) 
--------------------------------------------------------------------------------------------
(clock func_clk)               launch                                       0 R             
(extend.sdc_line_29)           ext delay                         +400     400 F             
immsrc[2]                 (u)  in port             32  7.2    0   +30     430 F             
g142/in_0                                                          +0     430               
g142/z                    (u)  unmapped_not         1  1.2    0   +22     452 R             
g143/in_0                                                          +0     452               
g143/z                    (u)  unmapped_and2       19 22.8    0  +135     588 R             
g144/in_1                                                          +0     588               
g144/z                    (u)  unmapped_or2         1  1.2    0   +58     645 R             
g28/data1                                                          +0     645               
g28/z                     (u)  unmapped_bmux3       1  0.0    0  +129     774 R             
immext[19]                     out port                            +0     774 R             
(extend.sdc_line_32_14_1)      ext delay                         +600    1374 R             
- - - - - - - - - - - - - - - - - - - - - - - - - - - - - - - - - - - - - - - - - - - - - - 
(clock func_clk)               capture                                  10000 R             
--------------------------------------------------------------------------------------------
Cost Group   : 'func_clk' (path_group 'func_clk')
Timing slack :    8626ps 
Start-point  : immsrc[2]
End-point    : immext[19]

(u) : Net has unmapped pin(s).

path  13:

          Pin                      Type        Fanout Load Slew Delay Arrival   Location    
                                                      (fF) (ps)  (ps)   (ps)       (x,   y) 
--------------------------------------------------------------------------------------------
(clock func_clk)               launch                                       0 R             
(extend.sdc_line_29)           ext delay                         +400     400 F             
immsrc[2]                 (u)  in port             32  7.2    0   +30     430 F             
g18/in_1                                                           +0     430               
g18/z                     (u)  unmapped_or2         1  1.2    0   +58     488 F             
g19/in_0                                                           +0     488               
g19/z                     (u)  unmapped_not         1  1.2    0   +22     510 R             
g20/data0                                                          +0     510               
g20/z                     (u)  unmapped_bmux3       1  1.2    0  +131     641 R             
g21/in_0                                                           +0     641               
g21/z                     (u)  unmapped_not         1  1.2    0   +22     663 F             
g22/in_0                                                           +0     663               
g22/z                     (u)  unmapped_or2         1  1.2    0   +58     721 F             
g23/in_0                                                           +0     721               
g23/z                     (u)  unmapped_not         1  0.0    0   +20     741 R             
immext[0]                      out port                            +0     741 R             
(extend.sdc_line_32_33_1)      ext delay                         +600    1341 R             
- - - - - - - - - - - - - - - - - - - - - - - - - - - - - - - - - - - - - - - - - - - - - - 
(clock func_clk)               capture                                  10000 R             
--------------------------------------------------------------------------------------------
Cost Group   : 'func_clk' (path_group 'func_clk')
Timing slack :    8659ps 
Start-point  : immsrc[2]
End-point    : immext[0]

(u) : Net has unmapped pin(s).

path  14:

          Pin                      Type        Fanout Load Slew Delay Arrival   Location    
                                                      (fF) (ps)  (ps)   (ps)       (x,   y) 
--------------------------------------------------------------------------------------------
(clock func_clk)               launch                                       0 R             
(extend.sdc_line_29_2_1)       ext delay                         +400     400 R             
immsrc[0]                 (u)  in port             11 13.2    0    +0     400 R             
g15/sel0                                                           +0     400               
g15/z                     (u)  unmapped_bmux3       1  1.2    0  +131     531 R             
g16/data1                                                          +0     531               
g16/z                     (u)  unmapped_bmux3       1  0.0    0  +129     660 R             
immext[11]                     out port                            +0     660 R             
(extend.sdc_line_32_22_1)      ext delay                         +600    1260 R             
- - - - - - - - - - - - - - - - - - - - - - - - - - - - - - - - - - - - - - - - - - - - - - 
(clock func_clk)               capture                                  10000 R             
--------------------------------------------------------------------------------------------
Cost Group   : 'func_clk' (path_group 'func_clk')
Timing slack :    8740ps 
Start-point  : immsrc[0]
End-point    : immext[11]

(u) : Net has unmapped pin(s).

path  15:

          Pin                     Type        Fanout Load Slew Delay Arrival   Location    
                                                     (fF) (ps)  (ps)   (ps)       (x,   y) 
-------------------------------------------------------------------------------------------
(clock func_clk)               launch                                      0 R             
(extend.sdc_line_29)           ext delay                        +400     400 F             
immsrc[2]                 (u)  in port            32  7.2    0   +30     430 F             
g142/in_0                                                         +0     430               
g142/z                    (u)  unmapped_not        1  1.2    0   +22     452 R             
g143/in_0                                                         +0     452               
g143/z                    (u)  unmapped_and2      19 22.8    0  +135     588 R             
g97/in_1                                                          +0     588               
g97/z                     (u)  unmapped_or2        1  0.0    0   +56     643 R             
immext[20]                     out port                           +0     643 R             
(extend.sdc_line_32_13_1)      ext delay                        +600    1243 R             
- - - - - - - - - - - - - - - - - - - - - - - - - - - - - - - - - - - - - - - - - - - - - -
(clock func_clk)               capture                                 10000 R             
-------------------------------------------------------------------------------------------
Cost Group   : 'func_clk' (path_group 'func_clk')
Timing slack :    8757ps 
Start-point  : immsrc[2]
End-point    : immext[20]

(u) : Net has unmapped pin(s).

path  16:

          Pin                     Type        Fanout Load Slew Delay Arrival   Location    
                                                     (fF) (ps)  (ps)   (ps)       (x,   y) 
-------------------------------------------------------------------------------------------
(clock func_clk)               launch                                      0 R             
(extend.sdc_line_29)           ext delay                        +400     400 F             
immsrc[2]                 (u)  in port            32  7.2    0   +30     430 F             
g142/in_0                                                         +0     430               
g142/z                    (u)  unmapped_not        1  1.2    0   +22     452 R             
g143/in_0                                                         +0     452               
g143/z                    (u)  unmapped_and2      19 22.8    0  +135     588 R             
g89/in_1                                                          +0     588               
g89/z                     (u)  unmapped_or2        1  0.0    0   +56     643 R             
immext[21]                     out port                           +0     643 R             
(extend.sdc_line_32_12_1)      ext delay                        +600    1243 R             
- - - - - - - - - - - - - - - - - - - - - - - - - - - - - - - - - - - - - - - - - - - - - -
(clock func_clk)               capture                                 10000 R             
-------------------------------------------------------------------------------------------
Cost Group   : 'func_clk' (path_group 'func_clk')
Timing slack :    8757ps 
Start-point  : immsrc[2]
End-point    : immext[21]

(u) : Net has unmapped pin(s).

path  17:

          Pin                     Type        Fanout Load Slew Delay Arrival   Location    
                                                     (fF) (ps)  (ps)   (ps)       (x,   y) 
-------------------------------------------------------------------------------------------
(clock func_clk)               launch                                      0 R             
(extend.sdc_line_29)           ext delay                        +400     400 F             
immsrc[2]                 (u)  in port            32  7.2    0   +30     430 F             
g142/in_0                                                         +0     430               
g142/z                    (u)  unmapped_not        1  1.2    0   +22     452 R             
g143/in_0                                                         +0     452               
g143/z                    (u)  unmapped_and2      19 22.8    0  +135     588 R             
g140/in_1                                                         +0     588               
g140/z                    (u)  unmapped_or2        1  0.0    0   +56     643 R             
immext[22]                     out port                           +0     643 R             
(extend.sdc_line_32_11_1)      ext delay                        +600    1243 R             
- - - - - - - - - - - - - - - - - - - - - - - - - - - - - - - - - - - - - - - - - - - - - -
(clock func_clk)               capture                                 10000 R             
-------------------------------------------------------------------------------------------
Cost Group   : 'func_clk' (path_group 'func_clk')
Timing slack :    8757ps 
Start-point  : immsrc[2]
End-point    : immext[22]

(u) : Net has unmapped pin(s).

path  18:

          Pin                     Type        Fanout Load Slew Delay Arrival   Location    
                                                     (fF) (ps)  (ps)   (ps)       (x,   y) 
-------------------------------------------------------------------------------------------
(clock func_clk)               launch                                      0 R             
(extend.sdc_line_29)           ext delay                        +400     400 F             
immsrc[2]                 (u)  in port            32  7.2    0   +30     430 F             
g142/in_0                                                         +0     430               
g142/z                    (u)  unmapped_not        1  1.2    0   +22     452 R             
g143/in_0                                                         +0     452               
g143/z                    (u)  unmapped_and2      19 22.8    0  +135     588 R             
g125/in_1                                                         +0     588               
g125/z                    (u)  unmapped_or2        1  0.0    0   +56     643 R             
immext[23]                     out port                           +0     643 R             
(extend.sdc_line_32_10_1)      ext delay                        +600    1243 R             
- - - - - - - - - - - - - - - - - - - - - - - - - - - - - - - - - - - - - - - - - - - - - -
(clock func_clk)               capture                                 10000 R             
-------------------------------------------------------------------------------------------
Cost Group   : 'func_clk' (path_group 'func_clk')
Timing slack :    8757ps 
Start-point  : immsrc[2]
End-point    : immext[23]

(u) : Net has unmapped pin(s).

path  19:

          Pin                    Type        Fanout Load Slew Delay Arrival   Location    
                                                    (fF) (ps)  (ps)   (ps)       (x,   y) 
------------------------------------------------------------------------------------------
(clock func_clk)              launch                                      0 R             
(extend.sdc_line_29)          ext delay                        +400     400 F             
immsrc[2]                (u)  in port            32  7.2    0   +30     430 F             
g142/in_0                                                        +0     430               
g142/z                   (u)  unmapped_not        1  1.2    0   +22     452 R             
g143/in_0                                                        +0     452               
g143/z                   (u)  unmapped_and2      19 22.8    0  +135     588 R             
g138/in_1                                                        +0     588               
g138/z                   (u)  unmapped_or2        1  0.0    0   +56     643 R             
immext[24]                    out port                           +0     643 R             
(extend.sdc_line_32_9_1)      ext delay                        +600    1243 R             
- - - - - - - - - - - - - - - - - - - - - - - - - - - - - - - - - - - - - - - - - - - - - 
(clock func_clk)              capture                                 10000 R             
------------------------------------------------------------------------------------------
Cost Group   : 'func_clk' (path_group 'func_clk')
Timing slack :    8757ps 
Start-point  : immsrc[2]
End-point    : immext[24]

(u) : Net has unmapped pin(s).

path  20:

          Pin                    Type        Fanout Load Slew Delay Arrival   Location    
                                                    (fF) (ps)  (ps)   (ps)       (x,   y) 
------------------------------------------------------------------------------------------
(clock func_clk)              launch                                      0 R             
(extend.sdc_line_29)          ext delay                        +400     400 F             
immsrc[2]                (u)  in port            32  7.2    0   +30     430 F             
g142/in_0                                                        +0     430               
g142/z                   (u)  unmapped_not        1  1.2    0   +22     452 R             
g143/in_0                                                        +0     452               
g143/z                   (u)  unmapped_and2      19 22.8    0  +135     588 R             
g136/in_1                                                        +0     588               
g136/z                   (u)  unmapped_or2        1  0.0    0   +56     643 R             
immext[25]                    out port                           +0     643 R             
(extend.sdc_line_32_8_1)      ext delay                        +600    1243 R             
- - - - - - - - - - - - - - - - - - - - - - - - - - - - - - - - - - - - - - - - - - - - - 
(clock func_clk)              capture                                 10000 R             
------------------------------------------------------------------------------------------
Cost Group   : 'func_clk' (path_group 'func_clk')
Timing slack :    8757ps 
Start-point  : immsrc[2]
End-point    : immext[25]

(u) : Net has unmapped pin(s).

path  21:

          Pin                    Type        Fanout Load Slew Delay Arrival   Location    
                                                    (fF) (ps)  (ps)   (ps)       (x,   y) 
------------------------------------------------------------------------------------------
(clock func_clk)              launch                                      0 R             
(extend.sdc_line_29)          ext delay                        +400     400 F             
immsrc[2]                (u)  in port            32  7.2    0   +30     430 F             
g142/in_0                                                        +0     430               
g142/z                   (u)  unmapped_not        1  1.2    0   +22     452 R             
g143/in_0                                                        +0     452               
g143/z                   (u)  unmapped_and2      19 22.8    0  +135     588 R             
g113/in_1                                                        +0     588               
g113/z                   (u)  unmapped_or2        1  0.0    0   +56     643 R             
immext[26]                    out port                           +0     643 R             
(extend.sdc_line_32_7_1)      ext delay                        +600    1243 R             
- - - - - - - - - - - - - - - - - - - - - - - - - - - - - - - - - - - - - - - - - - - - - 
(clock func_clk)              capture                                 10000 R             
------------------------------------------------------------------------------------------
Cost Group   : 'func_clk' (path_group 'func_clk')
Timing slack :    8757ps 
Start-point  : immsrc[2]
End-point    : immext[26]

(u) : Net has unmapped pin(s).

path  22:

          Pin                    Type        Fanout Load Slew Delay Arrival   Location    
                                                    (fF) (ps)  (ps)   (ps)       (x,   y) 
------------------------------------------------------------------------------------------
(clock func_clk)              launch                                      0 R             
(extend.sdc_line_29)          ext delay                        +400     400 F             
immsrc[2]                (u)  in port            32  7.2    0   +30     430 F             
g142/in_0                                                        +0     430               
g142/z                   (u)  unmapped_not        1  1.2    0   +22     452 R             
g143/in_0                                                        +0     452               
g143/z                   (u)  unmapped_and2      19 22.8    0  +135     588 R             
g109/in_1                                                        +0     588               
g109/z                   (u)  unmapped_or2        1  0.0    0   +56     643 R             
immext[27]                    out port                           +0     643 R             
(extend.sdc_line_32_6_1)      ext delay                        +600    1243 R             
- - - - - - - - - - - - - - - - - - - - - - - - - - - - - - - - - - - - - - - - - - - - - 
(clock func_clk)              capture                                 10000 R             
------------------------------------------------------------------------------------------
Cost Group   : 'func_clk' (path_group 'func_clk')
Timing slack :    8757ps 
Start-point  : immsrc[2]
End-point    : immext[27]

(u) : Net has unmapped pin(s).

path  23:

          Pin                    Type        Fanout Load Slew Delay Arrival   Location    
                                                    (fF) (ps)  (ps)   (ps)       (x,   y) 
------------------------------------------------------------------------------------------
(clock func_clk)              launch                                      0 R             
(extend.sdc_line_29)          ext delay                        +400     400 F             
immsrc[2]                (u)  in port            32  7.2    0   +30     430 F             
g142/in_0                                                        +0     430               
g142/z                   (u)  unmapped_not        1  1.2    0   +22     452 R             
g143/in_0                                                        +0     452               
g143/z                   (u)  unmapped_and2      19 22.8    0  +135     588 R             
g105/in_1                                                        +0     588               
g105/z                   (u)  unmapped_or2        1  0.0    0   +56     643 R             
immext[28]                    out port                           +0     643 R             
(extend.sdc_line_32_5_1)      ext delay                        +600    1243 R             
- - - - - - - - - - - - - - - - - - - - - - - - - - - - - - - - - - - - - - - - - - - - - 
(clock func_clk)              capture                                 10000 R             
------------------------------------------------------------------------------------------
Cost Group   : 'func_clk' (path_group 'func_clk')
Timing slack :    8757ps 
Start-point  : immsrc[2]
End-point    : immext[28]

(u) : Net has unmapped pin(s).

path  24:

          Pin                    Type        Fanout Load Slew Delay Arrival   Location    
                                                    (fF) (ps)  (ps)   (ps)       (x,   y) 
------------------------------------------------------------------------------------------
(clock func_clk)              launch                                      0 R             
(extend.sdc_line_29)          ext delay                        +400     400 F             
immsrc[2]                (u)  in port            32  7.2    0   +30     430 F             
g142/in_0                                                        +0     430               
g142/z                   (u)  unmapped_not        1  1.2    0   +22     452 R             
g143/in_0                                                        +0     452               
g143/z                   (u)  unmapped_and2      19 22.8    0  +135     588 R             
g101/in_1                                                        +0     588               
g101/z                   (u)  unmapped_or2        1  0.0    0   +56     643 R             
immext[29]                    out port                           +0     643 R             
(extend.sdc_line_32_4_1)      ext delay                        +600    1243 R             
- - - - - - - - - - - - - - - - - - - - - - - - - - - - - - - - - - - - - - - - - - - - - 
(clock func_clk)              capture                                 10000 R             
------------------------------------------------------------------------------------------
Cost Group   : 'func_clk' (path_group 'func_clk')
Timing slack :    8757ps 
Start-point  : immsrc[2]
End-point    : immext[29]

(u) : Net has unmapped pin(s).

path  25:

          Pin                    Type        Fanout Load Slew Delay Arrival   Location    
                                                    (fF) (ps)  (ps)   (ps)       (x,   y) 
------------------------------------------------------------------------------------------
(clock func_clk)              launch                                      0 R             
(extend.sdc_line_29)          ext delay                        +400     400 F             
immsrc[2]                (u)  in port            32  7.2    0   +30     430 F             
g142/in_0                                                        +0     430               
g142/z                   (u)  unmapped_not        1  1.2    0   +22     452 R             
g143/in_0                                                        +0     452               
g143/z                   (u)  unmapped_and2      19 22.8    0  +135     588 R             
g93/in_1                                                         +0     588               
g93/z                    (u)  unmapped_or2        1  0.0    0   +56     643 R             
immext[30]                    out port                           +0     643 R             
(extend.sdc_line_32_3_1)      ext delay                        +600    1243 R             
- - - - - - - - - - - - - - - - - - - - - - - - - - - - - - - - - - - - - - - - - - - - - 
(clock func_clk)              capture                                 10000 R             
------------------------------------------------------------------------------------------
Cost Group   : 'func_clk' (path_group 'func_clk')
Timing slack :    8757ps 
Start-point  : immsrc[2]
End-point    : immext[30]

(u) : Net has unmapped pin(s).

path  26:

          Pin                     Type        Fanout Load Slew Delay Arrival   Location    
                                                     (fF) (ps)  (ps)   (ps)       (x,   y) 
-------------------------------------------------------------------------------------------
(clock func_clk)               launch                                      0 R             
(extend.sdc_line_29)           ext delay                        +400     400 F             
immsrc[2]                 (u)  in port            32  7.2    0   +30     430 F             
g134/in_1                                                         +0     430               
g134/z                    (u)  unmapped_nor2       1  0.0    0   +56     486 R             
immext[5]                      out port                           +0     486 R             
(extend.sdc_line_32_28_1)      ext delay                        +600    1086 R             
- - - - - - - - - - - - - - - - - - - - - - - - - - - - - - - - - - - - - - - - - - - - - -
(clock func_clk)               capture                                 10000 R             
-------------------------------------------------------------------------------------------
Cost Group   : 'func_clk' (path_group 'func_clk')
Timing slack :    8914ps 
Start-point  : immsrc[2]
End-point    : immext[5]

(u) : Net has unmapped pin(s).

path  27:

          Pin                     Type        Fanout Load Slew Delay Arrival   Location    
                                                     (fF) (ps)  (ps)   (ps)       (x,   y) 
-------------------------------------------------------------------------------------------
(clock func_clk)               launch                                      0 R             
(extend.sdc_line_29)           ext delay                        +400     400 F             
immsrc[2]                 (u)  in port            32  7.2    0   +30     430 F             
g133/in_1                                                         +0     430               
g133/z                    (u)  unmapped_nor2       1  0.0    0   +56     486 R             
immext[6]                      out port                           +0     486 R             
(extend.sdc_line_32_27_1)      ext delay                        +600    1086 R             
- - - - - - - - - - - - - - - - - - - - - - - - - - - - - - - - - - - - - - - - - - - - - -
(clock func_clk)               capture                                 10000 R             
-------------------------------------------------------------------------------------------
Cost Group   : 'func_clk' (path_group 'func_clk')
Timing slack :    8914ps 
Start-point  : immsrc[2]
End-point    : immext[6]

(u) : Net has unmapped pin(s).

path  28:

          Pin                     Type        Fanout Load Slew Delay Arrival   Location    
                                                     (fF) (ps)  (ps)   (ps)       (x,   y) 
-------------------------------------------------------------------------------------------
(clock func_clk)               launch                                      0 R             
(extend.sdc_line_29)           ext delay                        +400     400 F             
immsrc[2]                 (u)  in port            32  7.2    0   +30     430 F             
g132/in_1                                                         +0     430               
g132/z                    (u)  unmapped_nor2       1  0.0    0   +56     486 R             
immext[7]                      out port                           +0     486 R             
(extend.sdc_line_32_26_1)      ext delay                        +600    1086 R             
- - - - - - - - - - - - - - - - - - - - - - - - - - - - - - - - - - - - - - - - - - - - - -
(clock func_clk)               capture                                 10000 R             
-------------------------------------------------------------------------------------------
Cost Group   : 'func_clk' (path_group 'func_clk')
Timing slack :    8914ps 
Start-point  : immsrc[2]
End-point    : immext[7]

(u) : Net has unmapped pin(s).

path  29:

          Pin                     Type        Fanout Load Slew Delay Arrival   Location    
                                                     (fF) (ps)  (ps)   (ps)       (x,   y) 
-------------------------------------------------------------------------------------------
(clock func_clk)               launch                                      0 R             
(extend.sdc_line_29)           ext delay                        +400     400 F             
immsrc[2]                 (u)  in port            32  7.2    0   +30     430 F             
g131/in_1                                                         +0     430               
g131/z                    (u)  unmapped_nor2       1  0.0    0   +56     486 R             
immext[8]                      out port                           +0     486 R             
(extend.sdc_line_32_25_1)      ext delay                        +600    1086 R             
- - - - - - - - - - - - - - - - - - - - - - - - - - - - - - - - - - - - - - - - - - - - - -
(clock func_clk)               capture                                 10000 R             
-------------------------------------------------------------------------------------------
Cost Group   : 'func_clk' (path_group 'func_clk')
Timing slack :    8914ps 
Start-point  : immsrc[2]
End-point    : immext[8]

(u) : Net has unmapped pin(s).

path  30:

          Pin                     Type        Fanout Load Slew Delay Arrival   Location    
                                                     (fF) (ps)  (ps)   (ps)       (x,   y) 
-------------------------------------------------------------------------------------------
(clock func_clk)               launch                                      0 R             
(extend.sdc_line_29)           ext delay                        +400     400 F             
immsrc[2]                 (u)  in port            32  7.2    0   +30     430 F             
g130/in_1                                                         +0     430               
g130/z                    (u)  unmapped_nor2       1  0.0    0   +56     486 R             
immext[9]                      out port                           +0     486 R             
(extend.sdc_line_32_24_1)      ext delay                        +600    1086 R             
- - - - - - - - - - - - - - - - - - - - - - - - - - - - - - - - - - - - - - - - - - - - - -
(clock func_clk)               capture                                 10000 R             
-------------------------------------------------------------------------------------------
Cost Group   : 'func_clk' (path_group 'func_clk')
Timing slack :    8914ps 
Start-point  : immsrc[2]
End-point    : immext[9]

(u) : Net has unmapped pin(s).

path  31:

          Pin                     Type        Fanout Load Slew Delay Arrival   Location    
                                                     (fF) (ps)  (ps)   (ps)       (x,   y) 
-------------------------------------------------------------------------------------------
(clock func_clk)               launch                                      0 R             
(extend.sdc_line_29)           ext delay                        +400     400 F             
immsrc[2]                 (u)  in port            32  7.2    0   +30     430 F             
g129/in_1                                                         +0     430               
g129/z                    (u)  unmapped_nor2       1  0.0    0   +56     486 R             
immext[10]                     out port                           +0     486 R             
(extend.sdc_line_32_23_1)      ext delay                        +600    1086 R             
- - - - - - - - - - - - - - - - - - - - - - - - - - - - - - - - - - - - - - - - - - - - - -
(clock func_clk)               capture                                 10000 R             
-------------------------------------------------------------------------------------------
Cost Group   : 'func_clk' (path_group 'func_clk')
Timing slack :    8914ps 
Start-point  : immsrc[2]
End-point    : immext[10]

(u) : Net has unmapped pin(s).

path  32:

        Pin                Type      Fanout Load Slew Delay Arrival   Location    
                                            (fF) (ps)  (ps)   (ps)       (x,   y) 
----------------------------------------------------------------------------------
instr[31]            (u)  in port         3  2.4    0    +0       0 R             
immext[31]                out port                       +0       0 R             
(extend.sdc_line_32)      ext delay                    +600     600 R             
- - - - - - - - - - - - - - - - - - - - - - - - - - - - - - - - - - - - - - - - - 
(clock func_clk)          async                                     R             
----------------------------------------------------------------------------------
Timing slack :  UNCONSTRAINED
Start-point  : instr[31]
End-point    : immext[31]

(u) : Net has unmapped pin(s).
