============================================================
  Generated by:           Genus(TM) Synthesis Solution 16.13-s036_1
  Generated on:           Feb 20 2023  12:19:46 am
  Module:                 extend
  Technology library:     slow_vdd1v0 1.0
  Operating conditions:   PVT_0P9V_125C (balanced_tree)
  Wireload mode:          enclosed
  Area mode:              timing library
============================================================

Timing
--------

  Clock   Period 
-----------------
func_clk 10000.0 


  Cost     Critical       Violating 
  Group   Path Slack TNS    Paths   
------------------------------------
default     No paths   0            
func_clk      8574.6   0          0 
------------------------------------
Total                  0          0 

Instance Count
--------------
Leaf Instance Count             111 
Sequential Instance Count         0 
Combinational Instance Count    111 
Hierarchical Instance Count       0 

Area
----
Cell Area                          285.103
Physical Cell Area                 0.000
Total Cell Area (Cell+Physical)    285.103
Net Area                           0.000
Total Area (Cell+Physical+Net)     285.103

Runtime                            0.0 seconds
Elapsed Runtime                    34 seconds
Genus peak memory usage            480.98 
Innovus peak memory usage          no_value 
Hostname                           CadenceServer3.localdomain
