Command: report datapath > reports/alu_datapath_generic.rpt
============================================================
  Generated by:           Genus(TM) Synthesis Solution 16.13-s036_1
  Generated on:           Feb 20 2023  12:25:21 am
  Module:                 alu
  Technology library:     slow_vdd1v0 1.0
  Operating conditions:   PVT_0P9V_125C (balanced_tree)
  Wireload mode:          enclosed
  Area mode:              timing library
============================================================


Inferred components

                      Operator   Signedness  Inputs Outputs CellArea 
=====================================================================
alu
 csa_tree_add_16_36
 module:csa_tree
                      wallace               1x32x32 33x33     156.62 
---------------------------------------------------------------------
  add_16_36              +       unsigned   33x1    33               
  add_16_25              +       unsigned   32x32   33               
=====================================================================
alu
 csa_tree_eq_36_21_groupi
 module:csa_tree_eq_36_21_group_101
  very_fast        csa_and_adder            32x32   1         363.42 
---------------------------------------------------------------------
  eq_36_21
   very_fast             ==      unsigned   32x1    1                
=====================================================================
alu
 final_adder_add_16_36
 module:add_unsigned_63
  very_fast              +       unsigned   33x33   33        467.42 
=====================================================================
alu
 final_adder_mux_result_20_9
 module:add_unsigned_66
  very_fast              +       unsigned   32x32   32        914.04 
=====================================================================
alu
 sll_28_24
 module:shift_left_vlog_unsigned
  very_fast/barrel       <<      x          32x5    32        713.37 
=====================================================================
alu
 sra_30_33
 module:arith_shift_right_vlog_unsigned
  very_fast/barrel      >>>      x          32x5    32        764.76 
=====================================================================
alu
 srl_29_24
 module:shift_right_vlog_unsigned
  very_fast/barrel       >>      x          32x5    32        713.37 
=====================================================================

      Type       CellArea Percentage 
-------------------------------------
datapath modules  4093.01      67.18 
external muxes    1566.23      25.71 
others             433.16       7.11 
-------------------------------------
total             6092.40     100.00 

