============================================================
  Generated by:           Genus(TM) Synthesis Solution 16.13-s036_1
  Generated on:           Feb 20 2023  12:25:21 am
  Module:                 alu
  Technology library:     slow_vdd1v0 1.0
  Operating conditions:   PVT_0P9V_125C (balanced_tree)
  Wireload mode:          enclosed
  Area mode:              timing library
============================================================

Timing
--------

  Clock   Period 
-----------------
func_clk 10000.0 


  Cost     Critical       Violating 
  Group   Path Slack TNS    Paths   
------------------------------------
default     No paths   0            
func_clk      5965.7   0          0 
------------------------------------
Total                  0          0 

Instance Count
--------------
Leaf Instance Count             1643 
Sequential Instance Count          0 
Combinational Instance Count    1643 
Hierarchical Instance Count        9 

Area
----
Cell Area                          6092.404
Physical Cell Area                 0.000
Total Cell Area (Cell+Physical)    6092.404
Net Area                           0.000
Total Area (Cell+Physical+Net)     6092.404

Runtime                            0.0 seconds
Elapsed Runtime                    28 seconds
Genus peak memory usage            483.66 
Innovus peak memory usage          no_value 
Hostname                           CadenceServer3.localdomain
