============================================================
  Generated by:           Genus(TM) Synthesis Solution 16.13-s036_1
  Generated on:           Feb 24 2023  11:08:54 pm
  Module:                 regfile
  Technology library:     slow_vdd1v0 1.0
  Operating conditions:   PVT_0P9V_125C (balanced_tree)
  Wireload mode:          enclosed
  Area mode:              timing library
============================================================

path   1:

           Pin                      Type         Fanout Load Slew Delay Arrival   Location    
                                                        (fF) (ps)  (ps)   (ps)       (x,   y) 
----------------------------------------------------------------------------------------------
rf_reg[31][0]/clk                                               0             0 R             
rf_reg[31][0]/q            (u)  unmapped_d_flop       2  2.4    0  +318     318 R             
g3878/data31                                                         +0     318               
g3878/z                    (u)  unmapped_mux64        1  0.0    0  +407     724 R             
rd2[0]                          out port                             +0     724 R             
(regfile.sdc_line_32_62_1)      ext delay                          +600    1324 R             
- - - - - - - - - - - - - - - - - - - - - - - - - - - - - - - - - - - - - - - - - - - - - - - 
(clock func_clk)                async                                           R             
----------------------------------------------------------------------------------------------
Timing slack :  UNCONSTRAINED
Start-point  : rf_reg[31][0]/clk
End-point    : rd2[0]

(u) : Net has unmapped pin(s).

path   2:

           Pin                      Type         Fanout Load Slew Delay Arrival   Location    
                                                        (fF) (ps)  (ps)   (ps)       (x,   y) 
----------------------------------------------------------------------------------------------
rf_reg[31][1]/clk                                               0             0 R             
rf_reg[31][1]/q            (u)  unmapped_d_flop       2  2.4    0  +318     318 R             
g3877/data31                                                         +0     318               
g3877/z                    (u)  unmapped_mux64        1  0.0    0  +407     724 R             
rd2[1]                          out port                             +0     724 R             
(regfile.sdc_line_32_61_1)      ext delay                          +600    1324 R             
- - - - - - - - - - - - - - - - - - - - - - - - - - - - - - - - - - - - - - - - - - - - - - - 
(clock func_clk)                async                                           R             
----------------------------------------------------------------------------------------------
Timing slack :  UNCONSTRAINED
Start-point  : rf_reg[31][1]/clk
End-point    : rd2[1]

(u) : Net has unmapped pin(s).

path   3:

           Pin                      Type         Fanout Load Slew Delay Arrival   Location    
                                                        (fF) (ps)  (ps)   (ps)       (x,   y) 
----------------------------------------------------------------------------------------------
rf_reg[31][2]/clk                                               0             0 R             
rf_reg[31][2]/q            (u)  unmapped_d_flop       2  2.4    0  +318     318 R             
g3876/data31                                                         +0     318               
g3876/z                    (u)  unmapped_mux64        1  0.0    0  +407     724 R             
rd2[2]                          out port                             +0     724 R             
(regfile.sdc_line_32_60_1)      ext delay                          +600    1324 R             
- - - - - - - - - - - - - - - - - - - - - - - - - - - - - - - - - - - - - - - - - - - - - - - 
(clock func_clk)                async                                           R             
----------------------------------------------------------------------------------------------
Timing slack :  UNCONSTRAINED
Start-point  : rf_reg[31][2]/clk
End-point    : rd2[2]

(u) : Net has unmapped pin(s).

path   4:

           Pin                      Type         Fanout Load Slew Delay Arrival   Location    
                                                        (fF) (ps)  (ps)   (ps)       (x,   y) 
----------------------------------------------------------------------------------------------
rf_reg[31][3]/clk                                               0             0 R             
rf_reg[31][3]/q            (u)  unmapped_d_flop       2  2.4    0  +318     318 R             
g3874/data31                                                         +0     318               
g3874/z                    (u)  unmapped_mux64        1  0.0    0  +407     724 R             
rd2[3]                          out port                             +0     724 R             
(regfile.sdc_line_32_59_1)      ext delay                          +600    1324 R             
- - - - - - - - - - - - - - - - - - - - - - - - - - - - - - - - - - - - - - - - - - - - - - - 
(clock func_clk)                async                                           R             
----------------------------------------------------------------------------------------------
Timing slack :  UNCONSTRAINED
Start-point  : rf_reg[31][3]/clk
End-point    : rd2[3]

(u) : Net has unmapped pin(s).

path   5:

           Pin                      Type         Fanout Load Slew Delay Arrival   Location    
                                                        (fF) (ps)  (ps)   (ps)       (x,   y) 
----------------------------------------------------------------------------------------------
rf_reg[31][4]/clk                                               0             0 R             
rf_reg[31][4]/q            (u)  unmapped_d_flop       2  2.4    0  +318     318 R             
g3873/data31                                                         +0     318               
g3873/z                    (u)  unmapped_mux64        1  0.0    0  +407     724 R             
rd2[4]                          out port                             +0     724 R             
(regfile.sdc_line_32_58_1)      ext delay                          +600    1324 R             
- - - - - - - - - - - - - - - - - - - - - - - - - - - - - - - - - - - - - - - - - - - - - - - 
(clock func_clk)                async                                           R             
----------------------------------------------------------------------------------------------
Timing slack :  UNCONSTRAINED
Start-point  : rf_reg[31][4]/clk
End-point    : rd2[4]

(u) : Net has unmapped pin(s).

path   6:

           Pin                      Type         Fanout Load Slew Delay Arrival   Location    
                                                        (fF) (ps)  (ps)   (ps)       (x,   y) 
----------------------------------------------------------------------------------------------
rf_reg[31][5]/clk                                               0             0 R             
rf_reg[31][5]/q            (u)  unmapped_d_flop       2  2.4    0  +318     318 R             
g3872/data31                                                         +0     318               
g3872/z                    (u)  unmapped_mux64        1  0.0    0  +407     724 R             
rd2[5]                          out port                             +0     724 R             
(regfile.sdc_line_32_57_1)      ext delay                          +600    1324 R             
- - - - - - - - - - - - - - - - - - - - - - - - - - - - - - - - - - - - - - - - - - - - - - - 
(clock func_clk)                async                                           R             
----------------------------------------------------------------------------------------------
Timing slack :  UNCONSTRAINED
Start-point  : rf_reg[31][5]/clk
End-point    : rd2[5]

(u) : Net has unmapped pin(s).

path   7:

           Pin                      Type         Fanout Load Slew Delay Arrival   Location    
                                                        (fF) (ps)  (ps)   (ps)       (x,   y) 
----------------------------------------------------------------------------------------------
rf_reg[31][6]/clk                                               0             0 R             
rf_reg[31][6]/q            (u)  unmapped_d_flop       2  2.4    0  +318     318 R             
g3871/data31                                                         +0     318               
g3871/z                    (u)  unmapped_mux64        1  0.0    0  +407     724 R             
rd2[6]                          out port                             +0     724 R             
(regfile.sdc_line_32_56_1)      ext delay                          +600    1324 R             
- - - - - - - - - - - - - - - - - - - - - - - - - - - - - - - - - - - - - - - - - - - - - - - 
(clock func_clk)                async                                           R             
----------------------------------------------------------------------------------------------
Timing slack :  UNCONSTRAINED
Start-point  : rf_reg[31][6]/clk
End-point    : rd2[6]

(u) : Net has unmapped pin(s).

path   8:

           Pin                      Type         Fanout Load Slew Delay Arrival   Location    
                                                        (fF) (ps)  (ps)   (ps)       (x,   y) 
----------------------------------------------------------------------------------------------
rf_reg[31][7]/clk                                               0             0 R             
rf_reg[31][7]/q            (u)  unmapped_d_flop       2  2.4    0  +318     318 R             
g3870/data31                                                         +0     318               
g3870/z                    (u)  unmapped_mux64        1  0.0    0  +407     724 R             
rd2[7]                          out port                             +0     724 R             
(regfile.sdc_line_32_55_1)      ext delay                          +600    1324 R             
- - - - - - - - - - - - - - - - - - - - - - - - - - - - - - - - - - - - - - - - - - - - - - - 
(clock func_clk)                async                                           R             
----------------------------------------------------------------------------------------------
Timing slack :  UNCONSTRAINED
Start-point  : rf_reg[31][7]/clk
End-point    : rd2[7]

(u) : Net has unmapped pin(s).

path   9:

           Pin                      Type         Fanout Load Slew Delay Arrival   Location    
                                                        (fF) (ps)  (ps)   (ps)       (x,   y) 
----------------------------------------------------------------------------------------------
rf_reg[31][8]/clk                                               0             0 R             
rf_reg[31][8]/q            (u)  unmapped_d_flop       2  2.4    0  +318     318 R             
g3869/data31                                                         +0     318               
g3869/z                    (u)  unmapped_mux64        1  0.0    0  +407     724 R             
rd2[8]                          out port                             +0     724 R             
(regfile.sdc_line_32_54_1)      ext delay                          +600    1324 R             
- - - - - - - - - - - - - - - - - - - - - - - - - - - - - - - - - - - - - - - - - - - - - - - 
(clock func_clk)                async                                           R             
----------------------------------------------------------------------------------------------
Timing slack :  UNCONSTRAINED
Start-point  : rf_reg[31][8]/clk
End-point    : rd2[8]

(u) : Net has unmapped pin(s).

path  10:

           Pin                      Type         Fanout Load Slew Delay Arrival   Location    
                                                        (fF) (ps)  (ps)   (ps)       (x,   y) 
----------------------------------------------------------------------------------------------
rf_reg[31][9]/clk                                               0             0 R             
rf_reg[31][9]/q            (u)  unmapped_d_flop       2  2.4    0  +318     318 R             
g3868/data31                                                         +0     318               
g3868/z                    (u)  unmapped_mux64        1  0.0    0  +407     724 R             
rd2[9]                          out port                             +0     724 R             
(regfile.sdc_line_32_53_1)      ext delay                          +600    1324 R             
- - - - - - - - - - - - - - - - - - - - - - - - - - - - - - - - - - - - - - - - - - - - - - - 
(clock func_clk)                async                                           R             
----------------------------------------------------------------------------------------------
Timing slack :  UNCONSTRAINED
Start-point  : rf_reg[31][9]/clk
End-point    : rd2[9]

(u) : Net has unmapped pin(s).

path  11:

           Pin                      Type         Fanout Load Slew Delay Arrival   Location    
                                                        (fF) (ps)  (ps)   (ps)       (x,   y) 
----------------------------------------------------------------------------------------------
rf_reg[31][10]/clk                                              0             0 R             
rf_reg[31][10]/q           (u)  unmapped_d_flop       2  2.4    0  +318     318 R             
g3867/data31                                                         +0     318               
g3867/z                    (u)  unmapped_mux64        1  0.0    0  +407     724 R             
rd2[10]                         out port                             +0     724 R             
(regfile.sdc_line_32_52_1)      ext delay                          +600    1324 R             
- - - - - - - - - - - - - - - - - - - - - - - - - - - - - - - - - - - - - - - - - - - - - - - 
(clock func_clk)                async                                           R             
----------------------------------------------------------------------------------------------
Timing slack :  UNCONSTRAINED
Start-point  : rf_reg[31][10]/clk
End-point    : rd2[10]

(u) : Net has unmapped pin(s).

path  12:

           Pin                      Type         Fanout Load Slew Delay Arrival   Location    
                                                        (fF) (ps)  (ps)   (ps)       (x,   y) 
----------------------------------------------------------------------------------------------
rf_reg[31][11]/clk                                              0             0 R             
rf_reg[31][11]/q           (u)  unmapped_d_flop       2  2.4    0  +318     318 R             
g3866/data31                                                         +0     318               
g3866/z                    (u)  unmapped_mux64        1  0.0    0  +407     724 R             
rd2[11]                         out port                             +0     724 R             
(regfile.sdc_line_32_51_1)      ext delay                          +600    1324 R             
- - - - - - - - - - - - - - - - - - - - - - - - - - - - - - - - - - - - - - - - - - - - - - - 
(clock func_clk)                async                                           R             
----------------------------------------------------------------------------------------------
Timing slack :  UNCONSTRAINED
Start-point  : rf_reg[31][11]/clk
End-point    : rd2[11]

(u) : Net has unmapped pin(s).

path  13:

           Pin                      Type         Fanout Load Slew Delay Arrival   Location    
                                                        (fF) (ps)  (ps)   (ps)       (x,   y) 
----------------------------------------------------------------------------------------------
rf_reg[31][12]/clk                                              0             0 R             
rf_reg[31][12]/q           (u)  unmapped_d_flop       2  2.4    0  +318     318 R             
g3865/data31                                                         +0     318               
g3865/z                    (u)  unmapped_mux64        1  0.0    0  +407     724 R             
rd2[12]                         out port                             +0     724 R             
(regfile.sdc_line_32_50_1)      ext delay                          +600    1324 R             
- - - - - - - - - - - - - - - - - - - - - - - - - - - - - - - - - - - - - - - - - - - - - - - 
(clock func_clk)                async                                           R             
----------------------------------------------------------------------------------------------
Timing slack :  UNCONSTRAINED
Start-point  : rf_reg[31][12]/clk
End-point    : rd2[12]

(u) : Net has unmapped pin(s).

path  14:

           Pin                      Type         Fanout Load Slew Delay Arrival   Location    
                                                        (fF) (ps)  (ps)   (ps)       (x,   y) 
----------------------------------------------------------------------------------------------
rf_reg[31][13]/clk                                              0             0 R             
rf_reg[31][13]/q           (u)  unmapped_d_flop       2  2.4    0  +318     318 R             
g3863/data31                                                         +0     318               
g3863/z                    (u)  unmapped_mux64        1  0.0    0  +407     724 R             
rd2[13]                         out port                             +0     724 R             
(regfile.sdc_line_32_49_1)      ext delay                          +600    1324 R             
- - - - - - - - - - - - - - - - - - - - - - - - - - - - - - - - - - - - - - - - - - - - - - - 
(clock func_clk)                async                                           R             
----------------------------------------------------------------------------------------------
Timing slack :  UNCONSTRAINED
Start-point  : rf_reg[31][13]/clk
End-point    : rd2[13]

(u) : Net has unmapped pin(s).

path  15:

           Pin                      Type         Fanout Load Slew Delay Arrival   Location    
                                                        (fF) (ps)  (ps)   (ps)       (x,   y) 
----------------------------------------------------------------------------------------------
rf_reg[31][14]/clk                                              0             0 R             
rf_reg[31][14]/q           (u)  unmapped_d_flop       2  2.4    0  +318     318 R             
g3862/data31                                                         +0     318               
g3862/z                    (u)  unmapped_mux64        1  0.0    0  +407     724 R             
rd2[14]                         out port                             +0     724 R             
(regfile.sdc_line_32_48_1)      ext delay                          +600    1324 R             
- - - - - - - - - - - - - - - - - - - - - - - - - - - - - - - - - - - - - - - - - - - - - - - 
(clock func_clk)                async                                           R             
----------------------------------------------------------------------------------------------
Timing slack :  UNCONSTRAINED
Start-point  : rf_reg[31][14]/clk
End-point    : rd2[14]

(u) : Net has unmapped pin(s).

path  16:

           Pin                      Type         Fanout Load Slew Delay Arrival   Location    
                                                        (fF) (ps)  (ps)   (ps)       (x,   y) 
----------------------------------------------------------------------------------------------
rf_reg[31][15]/clk                                              0             0 R             
rf_reg[31][15]/q           (u)  unmapped_d_flop       2  2.4    0  +318     318 R             
g3861/data31                                                         +0     318               
g3861/z                    (u)  unmapped_mux64        1  0.0    0  +407     724 R             
rd2[15]                         out port                             +0     724 R             
(regfile.sdc_line_32_47_1)      ext delay                          +600    1324 R             
- - - - - - - - - - - - - - - - - - - - - - - - - - - - - - - - - - - - - - - - - - - - - - - 
(clock func_clk)                async                                           R             
----------------------------------------------------------------------------------------------
Timing slack :  UNCONSTRAINED
Start-point  : rf_reg[31][15]/clk
End-point    : rd2[15]

(u) : Net has unmapped pin(s).

path  17:

           Pin                      Type         Fanout Load Slew Delay Arrival   Location    
                                                        (fF) (ps)  (ps)   (ps)       (x,   y) 
----------------------------------------------------------------------------------------------
rf_reg[31][16]/clk                                              0             0 R             
rf_reg[31][16]/q           (u)  unmapped_d_flop       2  2.4    0  +318     318 R             
g3860/data31                                                         +0     318               
g3860/z                    (u)  unmapped_mux64        1  0.0    0  +407     724 R             
rd2[16]                         out port                             +0     724 R             
(regfile.sdc_line_32_46_1)      ext delay                          +600    1324 R             
- - - - - - - - - - - - - - - - - - - - - - - - - - - - - - - - - - - - - - - - - - - - - - - 
(clock func_clk)                async                                           R             
----------------------------------------------------------------------------------------------
Timing slack :  UNCONSTRAINED
Start-point  : rf_reg[31][16]/clk
End-point    : rd2[16]

(u) : Net has unmapped pin(s).

path  18:

           Pin                      Type         Fanout Load Slew Delay Arrival   Location    
                                                        (fF) (ps)  (ps)   (ps)       (x,   y) 
----------------------------------------------------------------------------------------------
rf_reg[31][17]/clk                                              0             0 R             
rf_reg[31][17]/q           (u)  unmapped_d_flop       2  2.4    0  +318     318 R             
g3859/data31                                                         +0     318               
g3859/z                    (u)  unmapped_mux64        1  0.0    0  +407     724 R             
rd2[17]                         out port                             +0     724 R             
(regfile.sdc_line_32_45_1)      ext delay                          +600    1324 R             
- - - - - - - - - - - - - - - - - - - - - - - - - - - - - - - - - - - - - - - - - - - - - - - 
(clock func_clk)                async                                           R             
----------------------------------------------------------------------------------------------
Timing slack :  UNCONSTRAINED
Start-point  : rf_reg[31][17]/clk
End-point    : rd2[17]

(u) : Net has unmapped pin(s).

path  19:

           Pin                      Type         Fanout Load Slew Delay Arrival   Location    
                                                        (fF) (ps)  (ps)   (ps)       (x,   y) 
----------------------------------------------------------------------------------------------
rf_reg[31][18]/clk                                              0             0 R             
rf_reg[31][18]/q           (u)  unmapped_d_flop       2  2.4    0  +318     318 R             
g3858/data31                                                         +0     318               
g3858/z                    (u)  unmapped_mux64        1  0.0    0  +407     724 R             
rd2[18]                         out port                             +0     724 R             
(regfile.sdc_line_32_44_1)      ext delay                          +600    1324 R             
- - - - - - - - - - - - - - - - - - - - - - - - - - - - - - - - - - - - - - - - - - - - - - - 
(clock func_clk)                async                                           R             
----------------------------------------------------------------------------------------------
Timing slack :  UNCONSTRAINED
Start-point  : rf_reg[31][18]/clk
End-point    : rd2[18]

(u) : Net has unmapped pin(s).

path  20:

           Pin                      Type         Fanout Load Slew Delay Arrival   Location    
                                                        (fF) (ps)  (ps)   (ps)       (x,   y) 
----------------------------------------------------------------------------------------------
rf_reg[31][19]/clk                                              0             0 R             
rf_reg[31][19]/q           (u)  unmapped_d_flop       2  2.4    0  +318     318 R             
g3857/data31                                                         +0     318               
g3857/z                    (u)  unmapped_mux64        1  0.0    0  +407     724 R             
rd2[19]                         out port                             +0     724 R             
(regfile.sdc_line_32_43_1)      ext delay                          +600    1324 R             
- - - - - - - - - - - - - - - - - - - - - - - - - - - - - - - - - - - - - - - - - - - - - - - 
(clock func_clk)                async                                           R             
----------------------------------------------------------------------------------------------
Timing slack :  UNCONSTRAINED
Start-point  : rf_reg[31][19]/clk
End-point    : rd2[19]

(u) : Net has unmapped pin(s).

path  21:

           Pin                      Type         Fanout Load Slew Delay Arrival   Location    
                                                        (fF) (ps)  (ps)   (ps)       (x,   y) 
----------------------------------------------------------------------------------------------
rf_reg[31][20]/clk                                              0             0 R             
rf_reg[31][20]/q           (u)  unmapped_d_flop       2  2.4    0  +318     318 R             
g3856/data31                                                         +0     318               
g3856/z                    (u)  unmapped_mux64        1  0.0    0  +407     724 R             
rd2[20]                         out port                             +0     724 R             
(regfile.sdc_line_32_42_1)      ext delay                          +600    1324 R             
- - - - - - - - - - - - - - - - - - - - - - - - - - - - - - - - - - - - - - - - - - - - - - - 
(clock func_clk)                async                                           R             
----------------------------------------------------------------------------------------------
Timing slack :  UNCONSTRAINED
Start-point  : rf_reg[31][20]/clk
End-point    : rd2[20]

(u) : Net has unmapped pin(s).

path  22:

           Pin                      Type         Fanout Load Slew Delay Arrival   Location    
                                                        (fF) (ps)  (ps)   (ps)       (x,   y) 
----------------------------------------------------------------------------------------------
rf_reg[31][21]/clk                                              0             0 R             
rf_reg[31][21]/q           (u)  unmapped_d_flop       2  2.4    0  +318     318 R             
g3855/data31                                                         +0     318               
g3855/z                    (u)  unmapped_mux64        1  0.0    0  +407     724 R             
rd2[21]                         out port                             +0     724 R             
(regfile.sdc_line_32_41_1)      ext delay                          +600    1324 R             
- - - - - - - - - - - - - - - - - - - - - - - - - - - - - - - - - - - - - - - - - - - - - - - 
(clock func_clk)                async                                           R             
----------------------------------------------------------------------------------------------
Timing slack :  UNCONSTRAINED
Start-point  : rf_reg[31][21]/clk
End-point    : rd2[21]

(u) : Net has unmapped pin(s).

path  23:

           Pin                      Type         Fanout Load Slew Delay Arrival   Location    
                                                        (fF) (ps)  (ps)   (ps)       (x,   y) 
----------------------------------------------------------------------------------------------
rf_reg[31][22]/clk                                              0             0 R             
rf_reg[31][22]/q           (u)  unmapped_d_flop       2  2.4    0  +318     318 R             
g3854/data31                                                         +0     318               
g3854/z                    (u)  unmapped_mux64        1  0.0    0  +407     724 R             
rd2[22]                         out port                             +0     724 R             
(regfile.sdc_line_32_40_1)      ext delay                          +600    1324 R             
- - - - - - - - - - - - - - - - - - - - - - - - - - - - - - - - - - - - - - - - - - - - - - - 
(clock func_clk)                async                                           R             
----------------------------------------------------------------------------------------------
Timing slack :  UNCONSTRAINED
Start-point  : rf_reg[31][22]/clk
End-point    : rd2[22]

(u) : Net has unmapped pin(s).

path  24:

           Pin                      Type         Fanout Load Slew Delay Arrival   Location    
                                                        (fF) (ps)  (ps)   (ps)       (x,   y) 
----------------------------------------------------------------------------------------------
rf_reg[31][23]/clk                                              0             0 R             
rf_reg[31][23]/q           (u)  unmapped_d_flop       2  2.4    0  +318     318 R             
g3884/data31                                                         +0     318               
g3884/z                    (u)  unmapped_mux64        1  0.0    0  +407     724 R             
rd2[23]                         out port                             +0     724 R             
(regfile.sdc_line_32_39_1)      ext delay                          +600    1324 R             
- - - - - - - - - - - - - - - - - - - - - - - - - - - - - - - - - - - - - - - - - - - - - - - 
(clock func_clk)                async                                           R             
----------------------------------------------------------------------------------------------
Timing slack :  UNCONSTRAINED
Start-point  : rf_reg[31][23]/clk
End-point    : rd2[23]

(u) : Net has unmapped pin(s).

path  25:

           Pin                      Type         Fanout Load Slew Delay Arrival   Location    
                                                        (fF) (ps)  (ps)   (ps)       (x,   y) 
----------------------------------------------------------------------------------------------
rf_reg[31][24]/clk                                              0             0 R             
rf_reg[31][24]/q           (u)  unmapped_d_flop       2  2.4    0  +318     318 R             
g3883/data31                                                         +0     318               
g3883/z                    (u)  unmapped_mux64        1  0.0    0  +407     724 R             
rd2[24]                         out port                             +0     724 R             
(regfile.sdc_line_32_38_1)      ext delay                          +600    1324 R             
- - - - - - - - - - - - - - - - - - - - - - - - - - - - - - - - - - - - - - - - - - - - - - - 
(clock func_clk)                async                                           R             
----------------------------------------------------------------------------------------------
Timing slack :  UNCONSTRAINED
Start-point  : rf_reg[31][24]/clk
End-point    : rd2[24]

(u) : Net has unmapped pin(s).

path  26:

           Pin                      Type         Fanout Load Slew Delay Arrival   Location    
                                                        (fF) (ps)  (ps)   (ps)       (x,   y) 
----------------------------------------------------------------------------------------------
rf_reg[31][25]/clk                                              0             0 R             
rf_reg[31][25]/q           (u)  unmapped_d_flop       2  2.4    0  +318     318 R             
g3882/data31                                                         +0     318               
g3882/z                    (u)  unmapped_mux64        1  0.0    0  +407     724 R             
rd2[25]                         out port                             +0     724 R             
(regfile.sdc_line_32_37_1)      ext delay                          +600    1324 R             
- - - - - - - - - - - - - - - - - - - - - - - - - - - - - - - - - - - - - - - - - - - - - - - 
(clock func_clk)                async                                           R             
----------------------------------------------------------------------------------------------
Timing slack :  UNCONSTRAINED
Start-point  : rf_reg[31][25]/clk
End-point    : rd2[25]

(u) : Net has unmapped pin(s).

path  27:

           Pin                      Type         Fanout Load Slew Delay Arrival   Location    
                                                        (fF) (ps)  (ps)   (ps)       (x,   y) 
----------------------------------------------------------------------------------------------
rf_reg[31][26]/clk                                              0             0 R             
rf_reg[31][26]/q           (u)  unmapped_d_flop       2  2.4    0  +318     318 R             
g3881/data31                                                         +0     318               
g3881/z                    (u)  unmapped_mux64        1  0.0    0  +407     724 R             
rd2[26]                         out port                             +0     724 R             
(regfile.sdc_line_32_36_1)      ext delay                          +600    1324 R             
- - - - - - - - - - - - - - - - - - - - - - - - - - - - - - - - - - - - - - - - - - - - - - - 
(clock func_clk)                async                                           R             
----------------------------------------------------------------------------------------------
Timing slack :  UNCONSTRAINED
Start-point  : rf_reg[31][26]/clk
End-point    : rd2[26]

(u) : Net has unmapped pin(s).

path  28:

           Pin                      Type         Fanout Load Slew Delay Arrival   Location    
                                                        (fF) (ps)  (ps)   (ps)       (x,   y) 
----------------------------------------------------------------------------------------------
rf_reg[31][27]/clk                                              0             0 R             
rf_reg[31][27]/q           (u)  unmapped_d_flop       2  2.4    0  +318     318 R             
g3880/data31                                                         +0     318               
g3880/z                    (u)  unmapped_mux64        1  0.0    0  +407     724 R             
rd2[27]                         out port                             +0     724 R             
(regfile.sdc_line_32_35_1)      ext delay                          +600    1324 R             
- - - - - - - - - - - - - - - - - - - - - - - - - - - - - - - - - - - - - - - - - - - - - - - 
(clock func_clk)                async                                           R             
----------------------------------------------------------------------------------------------
Timing slack :  UNCONSTRAINED
Start-point  : rf_reg[31][27]/clk
End-point    : rd2[27]

(u) : Net has unmapped pin(s).

path  29:

           Pin                      Type         Fanout Load Slew Delay Arrival   Location    
                                                        (fF) (ps)  (ps)   (ps)       (x,   y) 
----------------------------------------------------------------------------------------------
rf_reg[31][28]/clk                                              0             0 R             
rf_reg[31][28]/q           (u)  unmapped_d_flop       2  2.4    0  +318     318 R             
g3879/data31                                                         +0     318               
g3879/z                    (u)  unmapped_mux64        1  0.0    0  +407     724 R             
rd2[28]                         out port                             +0     724 R             
(regfile.sdc_line_32_34_1)      ext delay                          +600    1324 R             
- - - - - - - - - - - - - - - - - - - - - - - - - - - - - - - - - - - - - - - - - - - - - - - 
(clock func_clk)                async                                           R             
----------------------------------------------------------------------------------------------
Timing slack :  UNCONSTRAINED
Start-point  : rf_reg[31][28]/clk
End-point    : rd2[28]

(u) : Net has unmapped pin(s).

path  30:

           Pin                      Type         Fanout Load Slew Delay Arrival   Location    
                                                        (fF) (ps)  (ps)   (ps)       (x,   y) 
----------------------------------------------------------------------------------------------
rf_reg[31][29]/clk                                              0             0 R             
rf_reg[31][29]/q           (u)  unmapped_d_flop       2  2.4    0  +318     318 R             
g3875/data31                                                         +0     318               
g3875/z                    (u)  unmapped_mux64        1  0.0    0  +407     724 R             
rd2[29]                         out port                             +0     724 R             
(regfile.sdc_line_32_33_1)      ext delay                          +600    1324 R             
- - - - - - - - - - - - - - - - - - - - - - - - - - - - - - - - - - - - - - - - - - - - - - - 
(clock func_clk)                async                                           R             
----------------------------------------------------------------------------------------------
Timing slack :  UNCONSTRAINED
Start-point  : rf_reg[31][29]/clk
End-point    : rd2[29]

(u) : Net has unmapped pin(s).

path  31:

           Pin                      Type         Fanout Load Slew Delay Arrival   Location    
                                                        (fF) (ps)  (ps)   (ps)       (x,   y) 
----------------------------------------------------------------------------------------------
rf_reg[31][30]/clk                                              0             0 R             
rf_reg[31][30]/q           (u)  unmapped_d_flop       2  2.4    0  +318     318 R             
g3864/data31                                                         +0     318               
g3864/z                    (u)  unmapped_mux64        1  0.0    0  +407     724 R             
rd2[30]                         out port                             +0     724 R             
(regfile.sdc_line_32_32_1)      ext delay                          +600    1324 R             
- - - - - - - - - - - - - - - - - - - - - - - - - - - - - - - - - - - - - - - - - - - - - - - 
(clock func_clk)                async                                           R             
----------------------------------------------------------------------------------------------
Timing slack :  UNCONSTRAINED
Start-point  : rf_reg[31][30]/clk
End-point    : rd2[30]

(u) : Net has unmapped pin(s).

path  32:

        Pin                    Type         Fanout Load Slew Delay Arrival   Location    
                                                   (fF) (ps)  (ps)   (ps)       (x,   y) 
-----------------------------------------------------------------------------------------
rf_reg[31][31]/clk                                         0             0 R             
rf_reg[31][31]/q      (u)  unmapped_d_flop       2  2.4    0  +318     318 R             
g3853/data31                                                    +0     318               
g3853/z               (u)  unmapped_mux64        1  0.0    0  +407     724 R             
rd2[31]                    out port                             +0     724 R             
(regfile.sdc_line_32)      ext delay                          +600    1324 R             
- - - - - - - - - - - - - - - - - - - - - - - - - - - - - - - - - - - - - - - - - - - - -
(clock func_clk)           async                                           R             
-----------------------------------------------------------------------------------------
Timing slack :  UNCONSTRAINED
Start-point  : rf_reg[31][31]/clk
End-point    : rd2[31]

(u) : Net has unmapped pin(s).

path  33:

      Pin                  Type         Fanout Load Slew Delay Arrival   Location    
                                               (fF) (ps)  (ps)   (ps)       (x,   y) 
-------------------------------------------------------------------------------------
rf_reg[31][0]/clk                                      0             0 R             
rf_reg[31][0]/q   (u)  unmapped_d_flop       2  2.4    0  +318     318 R             
g3846/data31                                                +0     318               
g3846/z           (u)  unmapped_mux64        1  0.0    0  +407     724 R             
rd1[0]                 out port                             +0     724 R             
-------------------------------------------------------------------------------------
Timing slack :  UNCONSTRAINED
Start-point  : rf_reg[31][0]/clk
End-point    : rd1[0]

(u) : Net has unmapped pin(s).

path  34:

      Pin                  Type         Fanout Load Slew Delay Arrival   Location    
                                               (fF) (ps)  (ps)   (ps)       (x,   y) 
-------------------------------------------------------------------------------------
rf_reg[31][1]/clk                                      0             0 R             
rf_reg[31][1]/q   (u)  unmapped_d_flop       2  2.4    0  +318     318 R             
g3845/data31                                                +0     318               
g3845/z           (u)  unmapped_mux64        1  0.0    0  +407     724 R             
rd1[1]                 out port                             +0     724 R             
-------------------------------------------------------------------------------------
Timing slack :  UNCONSTRAINED
Start-point  : rf_reg[31][1]/clk
End-point    : rd1[1]

(u) : Net has unmapped pin(s).

path  35:

      Pin                  Type         Fanout Load Slew Delay Arrival   Location    
                                               (fF) (ps)  (ps)   (ps)       (x,   y) 
-------------------------------------------------------------------------------------
rf_reg[31][2]/clk                                      0             0 R             
rf_reg[31][2]/q   (u)  unmapped_d_flop       2  2.4    0  +318     318 R             
g3844/data31                                                +0     318               
g3844/z           (u)  unmapped_mux64        1  0.0    0  +407     724 R             
rd1[2]                 out port                             +0     724 R             
-------------------------------------------------------------------------------------
Timing slack :  UNCONSTRAINED
Start-point  : rf_reg[31][2]/clk
End-point    : rd1[2]

(u) : Net has unmapped pin(s).

path  36:

      Pin                  Type         Fanout Load Slew Delay Arrival   Location    
                                               (fF) (ps)  (ps)   (ps)       (x,   y) 
-------------------------------------------------------------------------------------
rf_reg[31][3]/clk                                      0             0 R             
rf_reg[31][3]/q   (u)  unmapped_d_flop       2  2.4    0  +318     318 R             
g3842/data31                                                +0     318               
g3842/z           (u)  unmapped_mux64        1  0.0    0  +407     724 R             
rd1[3]                 out port                             +0     724 R             
-------------------------------------------------------------------------------------
Timing slack :  UNCONSTRAINED
Start-point  : rf_reg[31][3]/clk
End-point    : rd1[3]

(u) : Net has unmapped pin(s).

path  37:

      Pin                  Type         Fanout Load Slew Delay Arrival   Location    
                                               (fF) (ps)  (ps)   (ps)       (x,   y) 
-------------------------------------------------------------------------------------
rf_reg[31][4]/clk                                      0             0 R             
rf_reg[31][4]/q   (u)  unmapped_d_flop       2  2.4    0  +318     318 R             
g3841/data31                                                +0     318               
g3841/z           (u)  unmapped_mux64        1  0.0    0  +407     724 R             
rd1[4]                 out port                             +0     724 R             
-------------------------------------------------------------------------------------
Timing slack :  UNCONSTRAINED
Start-point  : rf_reg[31][4]/clk
End-point    : rd1[4]

(u) : Net has unmapped pin(s).

path  38:

      Pin                  Type         Fanout Load Slew Delay Arrival   Location    
                                               (fF) (ps)  (ps)   (ps)       (x,   y) 
-------------------------------------------------------------------------------------
rf_reg[31][5]/clk                                      0             0 R             
rf_reg[31][5]/q   (u)  unmapped_d_flop       2  2.4    0  +318     318 R             
g3840/data31                                                +0     318               
g3840/z           (u)  unmapped_mux64        1  0.0    0  +407     724 R             
rd1[5]                 out port                             +0     724 R             
-------------------------------------------------------------------------------------
Timing slack :  UNCONSTRAINED
Start-point  : rf_reg[31][5]/clk
End-point    : rd1[5]

(u) : Net has unmapped pin(s).

path  39:

      Pin                  Type         Fanout Load Slew Delay Arrival   Location    
                                               (fF) (ps)  (ps)   (ps)       (x,   y) 
-------------------------------------------------------------------------------------
rf_reg[31][6]/clk                                      0             0 R             
rf_reg[31][6]/q   (u)  unmapped_d_flop       2  2.4    0  +318     318 R             
g3839/data31                                                +0     318               
g3839/z           (u)  unmapped_mux64        1  0.0    0  +407     724 R             
rd1[6]                 out port                             +0     724 R             
-------------------------------------------------------------------------------------
Timing slack :  UNCONSTRAINED
Start-point  : rf_reg[31][6]/clk
End-point    : rd1[6]

(u) : Net has unmapped pin(s).

path  40:

      Pin                  Type         Fanout Load Slew Delay Arrival   Location    
                                               (fF) (ps)  (ps)   (ps)       (x,   y) 
-------------------------------------------------------------------------------------
rf_reg[31][7]/clk                                      0             0 R             
rf_reg[31][7]/q   (u)  unmapped_d_flop       2  2.4    0  +318     318 R             
g3838/data31                                                +0     318               
g3838/z           (u)  unmapped_mux64        1  0.0    0  +407     724 R             
rd1[7]                 out port                             +0     724 R             
-------------------------------------------------------------------------------------
Timing slack :  UNCONSTRAINED
Start-point  : rf_reg[31][7]/clk
End-point    : rd1[7]

(u) : Net has unmapped pin(s).

path  41:

      Pin                  Type         Fanout Load Slew Delay Arrival   Location    
                                               (fF) (ps)  (ps)   (ps)       (x,   y) 
-------------------------------------------------------------------------------------
rf_reg[31][8]/clk                                      0             0 R             
rf_reg[31][8]/q   (u)  unmapped_d_flop       2  2.4    0  +318     318 R             
g3837/data31                                                +0     318               
g3837/z           (u)  unmapped_mux64        1  0.0    0  +407     724 R             
rd1[8]                 out port                             +0     724 R             
-------------------------------------------------------------------------------------
Timing slack :  UNCONSTRAINED
Start-point  : rf_reg[31][8]/clk
End-point    : rd1[8]

(u) : Net has unmapped pin(s).

path  42:

      Pin                  Type         Fanout Load Slew Delay Arrival   Location    
                                               (fF) (ps)  (ps)   (ps)       (x,   y) 
-------------------------------------------------------------------------------------
rf_reg[31][9]/clk                                      0             0 R             
rf_reg[31][9]/q   (u)  unmapped_d_flop       2  2.4    0  +318     318 R             
g3836/data31                                                +0     318               
g3836/z           (u)  unmapped_mux64        1  0.0    0  +407     724 R             
rd1[9]                 out port                             +0     724 R             
-------------------------------------------------------------------------------------
Timing slack :  UNCONSTRAINED
Start-point  : rf_reg[31][9]/clk
End-point    : rd1[9]

(u) : Net has unmapped pin(s).

path  43:

       Pin                  Type         Fanout Load Slew Delay Arrival   Location    
                                                (fF) (ps)  (ps)   (ps)       (x,   y) 
--------------------------------------------------------------------------------------
rf_reg[31][10]/clk                                      0             0 R             
rf_reg[31][10]/q   (u)  unmapped_d_flop       2  2.4    0  +318     318 R             
g3835/data31                                                 +0     318               
g3835/z            (u)  unmapped_mux64        1  0.0    0  +407     724 R             
rd1[10]                 out port                             +0     724 R             
--------------------------------------------------------------------------------------
Timing slack :  UNCONSTRAINED
Start-point  : rf_reg[31][10]/clk
End-point    : rd1[10]

(u) : Net has unmapped pin(s).

path  44:

       Pin                  Type         Fanout Load Slew Delay Arrival   Location    
                                                (fF) (ps)  (ps)   (ps)       (x,   y) 
--------------------------------------------------------------------------------------
rf_reg[31][11]/clk                                      0             0 R             
rf_reg[31][11]/q   (u)  unmapped_d_flop       2  2.4    0  +318     318 R             
g3834/data31                                                 +0     318               
g3834/z            (u)  unmapped_mux64        1  0.0    0  +407     724 R             
rd1[11]                 out port                             +0     724 R             
--------------------------------------------------------------------------------------
Timing slack :  UNCONSTRAINED
Start-point  : rf_reg[31][11]/clk
End-point    : rd1[11]

(u) : Net has unmapped pin(s).

path  45:

       Pin                  Type         Fanout Load Slew Delay Arrival   Location    
                                                (fF) (ps)  (ps)   (ps)       (x,   y) 
--------------------------------------------------------------------------------------
rf_reg[31][12]/clk                                      0             0 R             
rf_reg[31][12]/q   (u)  unmapped_d_flop       2  2.4    0  +318     318 R             
g3833/data31                                                 +0     318               
g3833/z            (u)  unmapped_mux64        1  0.0    0  +407     724 R             
rd1[12]                 out port                             +0     724 R             
--------------------------------------------------------------------------------------
Timing slack :  UNCONSTRAINED
Start-point  : rf_reg[31][12]/clk
End-point    : rd1[12]

(u) : Net has unmapped pin(s).

path  46:

       Pin                  Type         Fanout Load Slew Delay Arrival   Location    
                                                (fF) (ps)  (ps)   (ps)       (x,   y) 
--------------------------------------------------------------------------------------
rf_reg[31][13]/clk                                      0             0 R             
rf_reg[31][13]/q   (u)  unmapped_d_flop       2  2.4    0  +318     318 R             
g3831/data31                                                 +0     318               
g3831/z            (u)  unmapped_mux64        1  0.0    0  +407     724 R             
rd1[13]                 out port                             +0     724 R             
--------------------------------------------------------------------------------------
Timing slack :  UNCONSTRAINED
Start-point  : rf_reg[31][13]/clk
End-point    : rd1[13]

(u) : Net has unmapped pin(s).

path  47:

       Pin                  Type         Fanout Load Slew Delay Arrival   Location    
                                                (fF) (ps)  (ps)   (ps)       (x,   y) 
--------------------------------------------------------------------------------------
rf_reg[31][14]/clk                                      0             0 R             
rf_reg[31][14]/q   (u)  unmapped_d_flop       2  2.4    0  +318     318 R             
g3830/data31                                                 +0     318               
g3830/z            (u)  unmapped_mux64        1  0.0    0  +407     724 R             
rd1[14]                 out port                             +0     724 R             
--------------------------------------------------------------------------------------
Timing slack :  UNCONSTRAINED
Start-point  : rf_reg[31][14]/clk
End-point    : rd1[14]

(u) : Net has unmapped pin(s).

path  48:

       Pin                  Type         Fanout Load Slew Delay Arrival   Location    
                                                (fF) (ps)  (ps)   (ps)       (x,   y) 
--------------------------------------------------------------------------------------
rf_reg[31][15]/clk                                      0             0 R             
rf_reg[31][15]/q   (u)  unmapped_d_flop       2  2.4    0  +318     318 R             
g3829/data31                                                 +0     318               
g3829/z            (u)  unmapped_mux64        1  0.0    0  +407     724 R             
rd1[15]                 out port                             +0     724 R             
--------------------------------------------------------------------------------------
Timing slack :  UNCONSTRAINED
Start-point  : rf_reg[31][15]/clk
End-point    : rd1[15]

(u) : Net has unmapped pin(s).

path  49:

       Pin                  Type         Fanout Load Slew Delay Arrival   Location    
                                                (fF) (ps)  (ps)   (ps)       (x,   y) 
--------------------------------------------------------------------------------------
rf_reg[31][16]/clk                                      0             0 R             
rf_reg[31][16]/q   (u)  unmapped_d_flop       2  2.4    0  +318     318 R             
g3828/data31                                                 +0     318               
g3828/z            (u)  unmapped_mux64        1  0.0    0  +407     724 R             
rd1[16]                 out port                             +0     724 R             
--------------------------------------------------------------------------------------
Timing slack :  UNCONSTRAINED
Start-point  : rf_reg[31][16]/clk
End-point    : rd1[16]

(u) : Net has unmapped pin(s).

path  50:

       Pin                  Type         Fanout Load Slew Delay Arrival   Location    
                                                (fF) (ps)  (ps)   (ps)       (x,   y) 
--------------------------------------------------------------------------------------
rf_reg[31][17]/clk                                      0             0 R             
rf_reg[31][17]/q   (u)  unmapped_d_flop       2  2.4    0  +318     318 R             
g3827/data31                                                 +0     318               
g3827/z            (u)  unmapped_mux64        1  0.0    0  +407     724 R             
rd1[17]                 out port                             +0     724 R             
--------------------------------------------------------------------------------------
Timing slack :  UNCONSTRAINED
Start-point  : rf_reg[31][17]/clk
End-point    : rd1[17]

(u) : Net has unmapped pin(s).
