============================================================
  Generated by:           Genus(TM) Synthesis Solution 16.13-s036_1
  Generated on:           Feb 24 2023  11:08:53 pm
  Module:                 regfile
  Technology library:     slow_vdd1v0 1.0
  Operating conditions:   PVT_0P9V_125C (balanced_tree)
  Wireload mode:          enclosed
  Area mode:              timing library
============================================================

Timing
--------

  Clock   Period 
-----------------
func_clk 10000.0 


  Cost     Critical       Violating 
  Group   Path Slack TNS    Paths   
------------------------------------
default     No paths   0            
func_clk    No paths   0            
------------------------------------
Total                  0          0 

Instance Count
--------------
Leaf Instance Count             1207 
Sequential Instance Count        992 
Combinational Instance Count     215 
Hierarchical Instance Count        0 

Area
----
Cell Area                          13955.386
Physical Cell Area                 0.000
Total Cell Area (Cell+Physical)    13955.386
Net Area                           0.000
Total Area (Cell+Physical+Net)     13955.386

Runtime                            0.0 seconds
Elapsed Runtime                    49 seconds
Genus peak memory usage            502.78 
Innovus peak memory usage          no_value 
Hostname                           CadenceServer3.localdomain
